[2026-06-07 12:52:23] === Watchdog started, pid=3438683 ===
[2026-06-07 12:55:53] === Watchdog started, pid=3440146 ===
[2026-06-07 13:00:56] Health check FAILED, restarting tunnel
[2026-06-07 13:00:56] Starting tunnel...
[2026-06-07 13:01:00] Tunnel up: https://403c70b5f23dcf.lhr.life
[2026-06-07 13:21:14] Health check FAILED, restarting tunnel
[2026-06-07 13:21:14] Starting tunnel...
[2026-06-07 13:21:18] Tunnel up: https://df8c25eb133af2.lhr.life
[2026-06-07 13:30:04] === Watchdog started, pid=3455303 ===
[2026-06-07 13:40:53] Health check FAILED, restarting tunnel
[2026-06-07 13:40:53] Starting tunnel...
[2026-06-07 13:40:59] Tunnel up: https://07d370ba75b29f.lhr.life
[2026-06-07 14:00:35] Health check FAILED, restarting tunnel
[2026-06-07 14:00:35] Starting tunnel...
[2026-06-07 14:00:57] Failed to start tunnel after 20s
[2026-06-07 14:00:57] Restart failed, will retry in 60s
[2026-06-07 14:00:59] Health check FAILED, restarting tunnel
[2026-06-07 14:00:59] Starting tunnel...
[2026-06-07 14:01:09] Tunnel up: https://7f1a8aac2d86d9.lhr.life
[2026-06-07 14:01:09] Loader URL updated to https://7f1a8aac2d86d9.lhr.life
   db9d56a..3006fe5  main -> main
[2026-06-07 14:08:54] === Watchdog started, pid=3473431 ===
